<?xml version="1.0" encoding="UTF-8"?>
<testsuite name="com.bridgelabz.ipldataanalyser.IplAnalyserTest" tests="1" skipped="0" failures="0" errors="0" timestamp="2020-09-13T20:37:20" hostname="DESKTOP-H88E5E6" time="0.55">
  <properties/>
  <testcase name="givenIPLData_Should_Return_Top_EconRate" classname="com.bridgelabz.ipldataanalyser.IplAnalyserTest" time="0.55"/>
  <system-out><![CDATA[IplBowlingCsv{slNo=0, playerName='Mayank Markande', Avg='59.0', SR='36', Econ='9.83'}
]]></system-out>
  <system-err><![CDATA[]]></system-err>
</testsuite>
