<?xml version="1.0" encoding="UTF-8"?>
<testsuite name="com.bridgelabz.ipldataanalyser.IplAnalyserTest" tests="1" skipped="0" failures="0" errors="0" timestamp="2020-09-13T17:58:54" hostname="DESKTOP-H88E5E6" time="0.62">
  <properties/>
  <testcase name="givenIPLMostRuns_ShouldReturnCricketerWhoHad_GreatAverageWithBestStrikeRate" classname="com.bridgelabz.ipldataanalyser.IplAnalyserTest" time="0.62"/>
  <system-out><![CDATA[IplBattingCsv{slNo=0, playerName='David Warner', avg=69.2, sr=143.86, highest6s=21, highest4s=57, Inns=12, Runs=692}
]]></system-out>
  <system-err><![CDATA[]]></system-err>
</testsuite>
