<?xml version="1.0" encoding="UTF-8"?>
<testsuite name="com.bridgelabz.ipldataanalyser.IplAnalyserTest" tests="1" skipped="0" failures="0" errors="0" timestamp="2020-09-13T17:42:28" hostname="DESKTOP-H88E5E6" time="0.62">
  <properties/>
  <testcase name="givenIPLMostRunsCSVFile_ShouldReturnCricketerWhoHad_GreatAverageWithBestStrikeRate" classname="com.bridgelabz.ipldataanalyser.IplAnalyserTest" time="0.62"/>
  <system-out><![CDATA[IplBattingCsv{slNo=0, playerName='Ishant Sharma', avg=0.0, sr=333.33, highest6s=1, highest4s=1}
]]></system-out>
  <system-err><![CDATA[]]></system-err>
</testsuite>
