<?xml version="1.0" encoding="UTF-8"?>
<testsuite name="com.bridgelabz.ipldataanalyser.IplAnalyserTest" tests="1" skipped="0" failures="0" errors="0" timestamp="2020-09-14T15:30:36" hostname="DESKTOP-H88E5E6" time="0.673">
  <properties/>
  <testcase name="givenIPLData_Should_Return_The_Batsman_Who_Has_Max100" classname="com.bridgelabz.ipldataanalyser.IplAnalyserTest" time="0.673"/>
  <system-out><![CDATA[IplBattingCsv{slNo=0, playerName='Sanju Samson', avg=34.2, sr=148.69, highest6s=13, highest4s=28, Inns=12, Runs=342, max100=1, max50=0}
]]></system-out>
  <system-err><![CDATA[]]></system-err>
</testsuite>
