<?xml version="1.0" encoding="UTF-8"?>
<testsuite name="com.bridgelabz.ipldataanalyser.IplAnalyserTest" tests="1" skipped="0" failures="0" errors="0" timestamp="2020-09-13T19:28:11" hostname="DESKTOP-H88E5E6" time="0.634">
  <properties/>
  <testcase name="givenIPLMostWicketsCSVFile_ShouldReturn_BestBowlingAverage" classname="com.bridgelabz.ipldataanalyser.IplAnalyserTest" time="0.634"/>
  <system-out><![CDATA[IplBowlingCsv{slNo=0, playerName='Krishnappa Gowtham', Avg='166.0'}
]]></system-out>
  <system-err><![CDATA[]]></system-err>
</testsuite>
