<?xml version="1.0" encoding="UTF-8"?>
<testsuite name="com.bridgelabz.ipldataanalyser.IplAnalyserTest" tests="1" skipped="0" failures="0" errors="0" timestamp="2020-09-14T15:46:46" hostname="DESKTOP-H88E5E6" time="0.672">
  <properties/>
  <testcase name="givenIPLData_Should_Return_best_4W_5W_And_Avg" classname="com.bridgelabz.ipldataanalyser.IplAnalyserTest" time="0.672"/>
  <system-out><![CDATA[IplBowlingCsv{slNo=0, playerName='Krishnappa Gowtham', Avg=166.0, SR='120', Econ='8.3', Wkts='1', highest4W=0, highest5W=0}
]]></system-out>
  <system-err><![CDATA[]]></system-err>
</testsuite>
